<?xml version="1.0" encoding="UTF-8"?>
<!-- Generated by org.testng.reporters.JUnitXMLReporter -->
<testsuite ignored="3" hostname="DESKTOP-0LQP43P" failures="0" tests="2" name="test name" time="0.09" errors="0" timestamp="2022-07-13T18:29:56 PDT">
  <testcase classname="testproject.Testngexample.NewTest1" name="testcase2" time="0.012"/>
  <testcase classname="testproject.Testngexample.NewTest1" name="testcase4" time="0.001"/>
  <testcase classname="testproject.Testngexample.NewTest1" name="testcase1" time="0.0">
    <ignored/>
  </testcase> <!-- testcase1 -->
  <testcase classname="testproject.Testngexample.NewTest1" name="testcase3" time="0.0">
    <ignored/>
  </testcase> <!-- testcase3 -->
  <testcase classname="testproject.Testngexample.NewTest1" name="testcase5" time="0.0">
    <ignored/>
  </testcase> <!-- testcase5 -->
</testsuite> <!-- test name -->
